<?xml version="1.0" encoding="UTF-8"?>
<testng-results skipped="0" failed="0" ignored="0" total="2" passed="2">
  <reporter-output>
  </reporter-output>
  <suite name="Suite" duration-ms="32318" started-at="2022-07-26T18:12:57 IST" finished-at="2022-07-26T18:13:29 IST">
    <groups>
    </groups>
    <test name="On Chrome" duration-ms="23055" started-at="2022-07-26T18:12:57 IST" finished-at="2022-07-26T18:13:20 IST">
      <class name="com.ebanking.master.SGrid">
        <test-method status="PASS" signature="Grid(java.lang.String)[pri:0, instance:com.ebanking.master.SGrid@6b57696f]" name="Grid" duration-ms="22841" started-at="2022-07-26T18:12:57 IST" finished-at="2022-07-26T18:13:20 IST">
          <params>
            <param index="0">
              <value>
                <![CDATA[chrome]]>
              </value>
            </param>
          </params>
          <reporter-output>
          </reporter-output>
        </test-method> <!-- Grid -->
      </class> <!-- com.ebanking.master.SGrid -->
    </test> <!-- On Chrome -->
    <test name="On Firefox" duration-ms="32318" started-at="2022-07-26T18:12:57 IST" finished-at="2022-07-26T18:13:29 IST">
      <class name="com.ebanking.master.SGrid">
        <test-method status="PASS" signature="Grid(java.lang.String)[pri:0, instance:com.ebanking.master.SGrid@3b088d51]" name="Grid" duration-ms="32249" started-at="2022-07-26T18:12:57 IST" finished-at="2022-07-26T18:13:29 IST">
          <params>
            <param index="0">
              <value>
                <![CDATA[firefox]]>
              </value>
            </param>
          </params>
          <reporter-output>
          </reporter-output>
        </test-method> <!-- Grid -->
      </class> <!-- com.ebanking.master.SGrid -->
    </test> <!-- On Firefox -->
  </suite> <!-- Suite -->
</testng-results>
